Arguments: 
  E:\javaSoft\nodejs\node.exe E:\javaSoft\nodejs\node_global\node_modules\yarn\bin\yarn.js

PATH: 
  C:\Program Files (x86)\Common Files\Oracle\Java\javapath;C:\WINDOWS\system32;E:\javaSoft\jdk\jdk8\bin;C:\WINDOWS;C:\WINDOWS\System32\Wbem;C:\WINDOWS\System32\WindowsPowerShell\v1.0\;C:\WINDOWS\System32\OpenSSH\;E:\ProgramFile\bandizip\;E:\javaSoft\git\Git\cmd;F:\Go\Golang\bin;C:\Program Files\dotnet\;E:\javaSoft\python2;E:\javaSoft\nodejs\node_global;E:\javaSoft\maven\apache-maven-3.6.3\bin;E:\javaSoft\nodejs\;C:\Program Files\MySQL\MySQL Shell 8.0\bin\;E:\javaSoft\jdk\jdk8\bin;C:\Users\Home\AppData\Local\Microsoft\WindowsApps;E:\javaSoft\vscode\Microsoft VS Code\bin;E:\javaSoft\idea\IntelliJ IDEA 2020.1.2\bin;;E:\javaSoft\nodejs\node_global;C:\Users\Home\go\bin;F:\Go\Goland\GoLand 2022.3\bin;;E:\javaSoft\python2;E:\javaSoft\maven\apache-maven-3.6.3\bin;C:\Users\Home\AppData\Roaming\npm;

Yarn version: 
  1.22.19

Node version: 
  16.13.0

Platform: 
  win32 x64

Trace: 
  Error: getaddrinfo ENOTFOUND repo.citicsinfo.com
      at GetAddrInfoReqWrap.onlookup [as oncomplete] (node:dns:71:26)

npm manifest: 
  {
    "name": "v3",
    "version": "0.1.0",
    "private": true,
    "scripts": {
      "serve": "vue-cli-service serve",
      "build": "vue-cli-service build",
      "lint": "vue-cli-service lint"
    },
    "dependencies": {
      "axios": "^1.3.4",
      "core-js": "^3.8.3",
      "element-plus": "^2.2.36",
      "vue": "^3.2.13",
      "vue-router": "^4.0.3",
      "vuex": "^4.0.0"
    },
    "devDependencies": {
      "@babel/core": "^7.12.16",
      "@babel/eslint-parser": "^7.12.16",
      "@vue/cli-plugin-babel": "~5.0.0",
      "@vue/cli-plugin-eslint": "~5.0.0",
      "@vue/cli-plugin-router": "~5.0.0",
      "@vue/cli-plugin-vuex": "~5.0.0",
      "@vue/cli-service": "~5.0.0",
      "eslint": "^7.32.0",
      "eslint-plugin-vue": "^8.0.3",
      "less": "^4.0.0",
      "less-loader": "^8.0.0"
    },
    "eslintConfig": {
      "root": true,
      "env": {
        "node": true
      },
      "extends": [
        "plugin:vue/vue3-essential",
        "eslint:recommended"
      ],
      "parserOptions": {
        "parser": "@babel/eslint-parser"
      },
      "rules": {}
    },
    "browserslist": [
      "> 1%",
      "last 2 versions",
      "not dead",
      "not ie 11"
    ]
  }

yarn manifest: 
  No manifest

Lockfile: 
  No lockfile
